  Moc'ing about_window.h...
  Moc'ing customwidget.h...
  Moc'ing dasetupdialog.h...
  Moc'ing devicecontrol.h...
  Moc'ing moderegisterbrouser_short.h...
  Moc'ing newwindow.h...
  Moc'ing qthread_readreg.h...
  Moc'ing quser_dial.h...
  Moc'ing qwidjetpainter.h...
  Moc'ing register_conteiner.h...
  Moc'ing register_conteiner_error_table.h...
  Moc'ing register_conteiner_error_vector.h...
  Moc'ing registerbrowser.h...
  Generate moc_predefs.h
  Uic'ing about_window.ui...
  Uic'ing dasetupdialog.ui...
C:\work\OneDrive\ma_dev_work\gui_dev\gen1\work\Merus_Audio_Device_GUI new_design RELEASE V6\device_GUI\dasetupdialog.ui : warning : The name 'verticalFrame' (QFrame) is already in use, defaulting to 'verticalFrame1'.
C:\work\OneDrive\ma_dev_work\gui_dev\gen1\work\Merus_Audio_Device_GUI new_design RELEASE V6\device_GUI\dasetupdialog.ui : warning : The name 'verticalFrame' (QFrame) is already in use, defaulting to 'verticalFrame2'.
C:\work\OneDrive\ma_dev_work\gui_dev\gen1\work\Merus_Audio_Device_GUI new_design RELEASE V6\device_GUI\dasetupdialog.ui : warning : The name 'verticalFrame' (QFrame) is already in use, defaulting to 'verticalFrame3'.
C:\work\OneDrive\ma_dev_work\gui_dev\gen1\work\Merus_Audio_Device_GUI new_design RELEASE V6\device_GUI\dasetupdialog.ui : warning : The name 'verticalFrame_2' (QFrame) is already in use, defaulting to 'verticalFrame_21'.
  Uic'ing devicecontrol.ui...
  Uic'ing moderegisterbrouser_short.ui...
  Uic'ing newwindow.ui...
C:\work\OneDrive\ma_dev_work\gui_dev\gen1\work\Merus_Audio_Device_GUI new_design RELEASE V6\device_GUI\newwindow.ui : warning : The name 'layoutWidget' (QWidget) is already in use, defaulting to 'layoutWidget1'.
  Uic'ing quser_dial.ui...
  Uic'ing qwidjetpainter.ui...
  Uic'ing register_conteiner.ui...
  Uic'ing register_conteiner_error_table.ui...
  Uic'ing register_conteiner_error_vector.ui...
  Uic'ing registerbrowser.ui...
  Rcc'ing Resources.qrc...
  about_window.cpp
  csvreader.cpp
csvreader.cpp(41): warning C4189: 'i': local variable is initialized but not referenced
  customwidget.cpp
  dasetupdialog.cpp
  moc_about_window.cpp
  moc_customwidget.cpp
  moc_dasetupdialog.cpp
  moc_devicecontrol.cpp
  moc_moderegisterbrouser_short.cpp
  moc_newwindow.cpp
  moc_qthread_readreg.cpp
  moc_quser_dial.cpp
  moc_qwidjetpainter.cpp
  moc_registerbrowser.cpp
  moc_register_conteiner.cpp
  moc_register_conteiner_error_table.cpp
  moc_register_conteiner_error_vector.cpp
  devicecontrol.cpp
devicecontrol.cpp(625): warning C4101: 'rbuf': unreferenced local variable
devicecontrol.cpp(922): warning C4189: 'winW_rat': local variable is initialized but not referenced
devicecontrol.cpp(921): warning C4189: 'winH_rat': local variable is initialized but not referenced
  main.cpp
  moderegisterbrouser_short.cpp
moderegisterbrouser_short.cpp(99): warning C4100: 'device_state': unreferenced formal parameter
  Generating Code...
c:\work\onedrive\ma_dev_work\gui_dev\gen1\work\merus_audio_device_gui new_design release v6\device_gui\csvreader.cpp(135): warning C4715: 'RegisterBrowser::csv_read_line': not all control paths return a value
  Compiling...
  newwindow.cpp
newwindow.cpp(743): warning C4100: 'checked': unreferenced formal parameter
newwindow.cpp(746): warning C4100: 'checked': unreferenced formal parameter
newwindow.cpp(790): warning C4100: 'checked': unreferenced formal parameter
  qcheckbox_user.cpp
  qpushbutton_user.cpp
  qscomthreadsave.cpp
  qslider_user.cpp
  qthread_readreg.cpp
  quser_dial.cpp
quser_dial.cpp(123): warning C4100: 'ev': unreferenced formal parameter
  qwidjetpainter.cpp
qwidjetpainter.cpp(48): warning C4100: 'ev': unreferenced formal parameter
  register_conteiner.cpp
  register_conteiner_error_table.cpp
  register_conteiner_error_vector.cpp
  registerbrowser.cpp
registerbrowser.cpp(66): warning C4189: 'winH_rat': local variable is initialized but not referenced
  scom.cpp
scom.cpp(148): warning C4189: 'i2c_read': local variable is initialized but not referenced
scom.cpp(327): warning C4018: '<': signed/unsigned mismatch
scom.cpp(360): warning C4189: 'ftStatus': local variable is initialized but not referenced
scom.cpp(398): warning C4101: 'r_mem_loc': unreferenced local variable
scom.cpp(473): warning C4101: 't_mem': unreferenced local variable
  Generating Code...
c:\work\onedrive\ma_dev_work\gui_dev\gen1\work\merus_audio_device_gui new_design release v6\device_gui\scom.cpp(323): warning C4700: uninitialized local variable 'i' used
c:\work\onedrive\ma_dev_work\gui_dev\gen1\work\merus_audio_device_gui new_design release v6\device_gui\scom.cpp(538): warning C4715: 'scom::fuse': not all control paths return a value
  qrc_Resources.cpp
  MA120xxx_I2C.vcxproj -> C:\work\OneDrive\ma_dev_work\gui_dev\gen1\work\Merus_Audio_Device_GUI new_design RELEASE V6\device_GUI\debug\MA120xx_GUI.exe
  MA120xxx_I2C.vcxproj -> debug\MA120xx_GUI.pdb (Full PDB)
